<?xml version="1.0" encoding="UTF-8"?>
<!-- Generated by org.testng.reporters.JUnitReportReporter -->
<testsuite skipped="0" hostname="IBM-Testing01" name="myTestNG.myTestNG.DependsOn" tests="3" failures="0" timestamp="06 Jan 2020 11:17:35 GMT" time="0.015" errors="0">
  <testcase name="startapp" time="0.000" classname="myTestNG.myTestNG.DependsOn"/>
  <testcase name="login" time="0.013" classname="myTestNG.myTestNG.DependsOn"/>
  <testcase name="logoff" time="0.002" classname="myTestNG.myTestNG.DependsOn"/>
</testsuite> <!-- myTestNG.myTestNG.DependsOn -->
