<?xml version="1.0" encoding="UTF-8"?>
<!-- Generated by org.testng.reporters.JUnitReportReporter -->
<testsuite skipped="0" hostname="IBM-Testing01" name="parllelDemo.Parllel2" tests="2" failures="0" timestamp="08 Jan 2020 10:08:54 GMT" time="57.733" errors="0">
  <testcase name="login" time="18.324" classname="parllelDemo.Parllel2"/>
  <testcase name="login" time="39.409" classname="parllelDemo.Parllel2"/>
</testsuite> <!-- parllelDemo.Parllel2 -->
