<?xml version="1.0" encoding="UTF-8"?>
<!-- Generated by org.testng.reporters.JUnitReportReporter -->
<testsuite skipped="0" hostname="IBM-Testing01" name="groups.TestGroup" tests="3" failures="0" timestamp="08 Jan 2020 06:31:09 GMT" time="0.007" errors="0">
  <testcase name="testMethod3" time="0.001" classname="groups.TestGroup"/>
  <testcase name="testMethod1" time="0.003" classname="groups.TestGroup"/>
  <testcase name="testMethod2" time="0.003" classname="groups.TestGroup"/>
</testsuite> <!-- groups.TestGroup -->
