<?xml version="1.0" encoding="UTF-8"?>
<!-- Generated by org.testng.reporters.JUnitReportReporter -->
<testsuite skipped="0" hostname="IBM-Testing01" name="myTestNG.DAtaDrivendemo" tests="2" failures="0" timestamp="08 Jan 2020 04:44:19 GMT" time="14.808" errors="0">
  <testcase name="f" time="8.376" classname="myTestNG.DAtaDrivendemo"/>
  <testcase name="f" time="6.432" classname="myTestNG.DAtaDrivendemo"/>
</testsuite> <!-- myTestNG.DAtaDrivendemo -->
