<?xml version="1.0" encoding="UTF-8"?>
<!-- Generated by org.testng.reporters.JUnitReportReporter -->
<testsuite skipped="0" hostname="IBM-Testing01" name="myTestNG.myTestNG.AnnotationsDemoTest" tests="3" failures="0" timestamp="06 Jan 2020 11:06:53 GMT" time="0.022" errors="0">
  <testcase name="f" time="0.013" classname="myTestNG.myTestNG.AnnotationsDemoTest"/>
  <testcase name="f2" time="0.005" classname="myTestNG.myTestNG.AnnotationsDemoTest"/>
  <testcase name="f1" time="0.004" classname="myTestNG.myTestNG.AnnotationsDemoTest"/>
</testsuite> <!-- myTestNG.myTestNG.AnnotationsDemoTest -->
