<?xml version="1.0" encoding="UTF-8"?>
<!-- Generated by org.testng.reporters.JUnitReportReporter -->
<testsuite skipped="0" hostname="IBM-Testing01" name="myTestNG.AnnotationsDemo" tests="1" failures="0" timestamp="06 Jan 2020 09:58:01 GMT" time="0.009" errors="0">
  <testcase name="chechtitle" time="0.009" classname="myTestNG.AnnotationsDemo"/>
</testsuite> <!-- myTestNG.AnnotationsDemo -->
