<?xml version="1.0" encoding="UTF-8"?>
<!-- Generated by org.testng.reporters.JUnitReportReporter -->
<testsuite skipped="0" hostname="IBM-Testing01" name="groups.TestGroup2" tests="1" failures="0" timestamp="08 Jan 2020 06:31:09 GMT" time="0.014" errors="0">
  <testcase name="testMethod3" time="0.014" classname="groups.TestGroup2"/>
</testsuite> <!-- groups.TestGroup2 -->
